<?xml version="1.0" encoding="UTF-8" standalone="yes"?>
<testsuite name="Scrumdinger Test Suite - Sharded - 3/20" tests="2" failures="0" skipped="0" timestamp="2023-07-05T21:15:27.531Z" time="60.467" package="com.example.apple-samplecode.Scrumdinger">
    <testcase name="testAddingPeopleToIndigoScrum" classname="ScrumdingerUITests.ScrumCardDetails" time="41.432"/>
    <testcase name="testAddingOrangeScrum" classname="ScrumdingerUITests.ScrumCardProperties" time="8.464"/>
</testsuite>
