<?xml version="1.0" encoding="UTF-8" standalone="yes"?>
<testsuite name="Scrumdinger Test Suite - Sharded - 13/20" tests="1" failures="0" skipped="0" timestamp="2023-07-27T18:23:21.777Z" time="40.329" package="com.example.apple-samplecode.Scrumdinger">
    <testcase name="testAddingPeopleToSkyScrum" classname="ScrumdingerUITests.ScrumCardDetails" time="36.088"/>
</testsuite>
