<?xml version="1.0" encoding="UTF-8" standalone="yes"?>
<testsuite name="Scrumdinger Test Suite - Sharded - 8/20" tests="2" failures="2" skipped="0" timestamp="2023-07-05T21:14:30.408Z" time="20.144" package="com.example.apple-samplecode.Scrumdinger">
    <testcase name="testAddingPeopleToOxbloodScrum" classname="ScrumdingerUITests.ScrumCardDetails" time="7.555">
        <failure>file: /Users/stuart/Developer/Scrumdinger/ScrumdingerUITests/ScrumCardDetails.swift
line: 537
error: Failed to Error Domain=com.apple.dt.xctest.ui-testing.error Code=10008 "No matches found for Elements matching predicate '"Oxblood" IN identifiers' from input {(
    Switch, label: 'Bubblegum', value: 0,
    Switch, label: 'Buttercup', value: 0,
    Switch, label: 'Indigo', value: 0,
    Switch, label: 'Lavender', value: 0,
    Switch, label: 'Magenta', value: 0,
    Switch, label: 'Navy', value: 0,
    Switch, label: 'Orange', value: 0
)}
Possibly caused by runtime issues:
Automation type mismatch: computed Switch from legacy attributes vs Toggle from modern attribute. Input attributes and values: {
    "XC_kAXXCAttributeAutomationType" = 41;
    "XC_kAXXCAttributeElementBaseType" = NSObject;
    "XC_kAXXCAttributeElementType" = "SwiftUI.AccessibilityNode";
    "XC_kAXXCAttributeTraits" = 9007207844675585;
}
See test report attachments for more detail." UserInfo={issues=NSMapTable {
[2] Automation type mismatch: computed Switch from legacy attributes vs Toggle from modern attribute. -&gt; {(
    Automation type mismatch: computed Switch from legacy attributes vs Toggle from modern attribute.,
    Automation type mismatch: computed Switch from legacy attributes vs Toggle from modern attribute.,
    Automation type mismatch: computed Switch from legacy attributes vs Toggle from modern attribute.,
    Automation type mismatch: computed Switch from legacy attributes vs Toggle from modern attribute.,
    Automation type mismatch: computed Switch from legacy attributes vs Toggle from modern attribute.,
    Automation type mismatch: computed Switch from legacy attributes vs Toggle from modern attribute.,
    Automation type mismatch: computed Switch from legacy attributes vs Toggle from modern attribute.
)}
}
, NSLocalizedDescription=No matches found for Elements matching predicate '"Oxblood" IN identifiers' from input {(
    Switch, label: 'Bubblegum', value: 0,
    Switch, label: 'Buttercup', value: 0,
    Switch, label: 'Indigo', value: 0,
    Switch, label: 'Lavender', value: 0,
    Switch, label: 'Magenta', value: 0,
    Switch, label: 'Navy', value: 0,
    Switch, label: 'Orange', value: 0
)}
Possibly caused by runtime issues:
Automation type mismatch: computed Switch from legacy attributes vs Toggle from modern attribute. Input attributes and values: {
    "XC_kAXXCAttributeAutomationType" = 41;
    "XC_kAXXCAttributeElementBaseType" = NSObject;
    "XC_kAXXCAttributeElementType" = "SwiftUI.AccessibilityNode";
    "XC_kAXXCAttributeTraits" = 9007207844675585;
}
See test report attachments for more detail.}: No matches found for Elements matching predicate '"Oxblood" IN identifiers' from input {(
    Switch, label: 'Bubblegum', value: 0,
    Switch, label: 'Buttercup', value: 0,
    Switch, label: 'Indigo', value: 0,
    Switch, label: 'Lavender', value: 0,
    Switch, label: 'Magenta', value: 0,
    Switch, label: 'Navy', value: 0,
    Switch, label: 'Orange', value: 0
)}
Possibly caused by runtime issues:
Automation type mismatch: computed Switch from legacy attributes vs Toggle from modern attribute. Input attributes and values: {
    "XC_kAXXCAttributeAutomationType" = 41;
    "XC_kAXXCAttributeElementBaseType" = NSObject;
    "XC_kAXXCAttributeElementType" = "SwiftUI.AccessibilityNode";
    "XC_kAXXCAttributeTraits" = 9007207844675585;
}
See test report attachments for more detail.</failure>
    </testcase>
    <testcase name="testAddingSeafoamScrum" classname="ScrumdingerUITests.ScrumCardProperties" time="8.576">
        <failure>file: /Users/stuart/Developer/Scrumdinger/ScrumdingerUITests/ScrumdingerUITests.swift
line: 125
error: Failed to Error Domain=com.apple.dt.xctest.ui-testing.error Code=10008 "No matches found for Elements matching predicate '"Seafoam" IN identifiers' from input {(
    Switch, label: 'Bubblegum', value: 0,
    Switch, label: 'Buttercup', value: 0,
    Switch, label: 'Indigo', value: 0,
    Switch, label: 'Lavender', value: 0,
    Switch, label: 'Magenta', value: 0,
    Switch, label: 'Navy', value: 0,
    Switch, label: 'Orange', value: 0
)}
Possibly caused by runtime issues:
Automation type mismatch: computed Switch from legacy attributes vs Toggle from modern attribute. Input attributes and values: {
    "XC_kAXXCAttributeAutomationType" = 41;
    "XC_kAXXCAttributeElementBaseType" = NSObject;
    "XC_kAXXCAttributeElementType" = "SwiftUI.AccessibilityNode";
    "XC_kAXXCAttributeTraits" = 9007207844675585;
}
See test report attachments for more detail." UserInfo={issues=NSMapTable {
[2] Automation type mismatch: computed Switch from legacy attributes vs Toggle from modern attribute. -&gt; {(
    Automation type mismatch: computed Switch from legacy attributes vs Toggle from modern attribute.,
    Automation type mismatch: computed Switch from legacy attributes vs Toggle from modern attribute.,
    Automation type mismatch: computed Switch from legacy attributes vs Toggle from modern attribute.,
    Automation type mismatch: computed Switch from legacy attributes vs Toggle from modern attribute.,
    Automation type mismatch: computed Switch from legacy attributes vs Toggle from modern attribute.,
    Automation type mismatch: computed Switch from legacy attributes vs Toggle from modern attribute.,
    Automation type mismatch: computed Switch from legacy attributes vs Toggle from modern attribute.
)}
}
, NSLocalizedDescription=No matches found for Elements matching predicate '"Seafoam" IN identifiers' from input {(
    Switch, label: 'Bubblegum', value: 0,
    Switch, label: 'Buttercup', value: 0,
    Switch, label: 'Indigo', value: 0,
    Switch, label: 'Lavender', value: 0,
    Switch, label: 'Magenta', value: 0,
    Switch, label: 'Navy', value: 0,
    Switch, label: 'Orange', value: 0
)}
Possibly caused by runtime issues:
Automation type mismatch: computed Switch from legacy attributes vs Toggle from modern attribute. Input attributes and values: {
    "XC_kAXXCAttributeAutomationType" = 41;
    "XC_kAXXCAttributeElementBaseType" = NSObject;
    "XC_kAXXCAttributeElementType" = "SwiftUI.AccessibilityNode";
    "XC_kAXXCAttributeTraits" = 9007207844675585;
}
See test report attachments for more detail.}: No matches found for Elements matching predicate '"Seafoam" IN identifiers' from input {(
    Switch, label: 'Bubblegum', value: 0,
    Switch, label: 'Buttercup', value: 0,
    Switch, label: 'Indigo', value: 0,
    Switch, label: 'Lavender', value: 0,
    Switch, label: 'Magenta', value: 0,
    Switch, label: 'Navy', value: 0,
    Switch, label: 'Orange', value: 0
)}
Possibly caused by runtime issues:
Automation type mismatch: computed Switch from legacy attributes vs Toggle from modern attribute. Input attributes and values: {
    "XC_kAXXCAttributeAutomationType" = 41;
    "XC_kAXXCAttributeElementBaseType" = NSObject;
    "XC_kAXXCAttributeElementType" = "SwiftUI.AccessibilityNode";
    "XC_kAXXCAttributeTraits" = 9007207844675585;
}
See test report attachments for more detail.</failure>
    </testcase>
</testsuite>
