<testsuites name="Selected tests" tests="1" failures="0">
    <testsuite name="ScrumdingerUITests.ScrumCardProperties" tests="1" failures="0">
        <testcase classname="ScrumdingerUITests.ScrumCardProperties" name="testAddingLavenderScrum" time="24.268" />
    </testsuite>
</testsuites>