<?xml version="1.0" encoding="UTF-8" standalone="yes"?>
<testsuite name="Scrumdinger Test Suite - Sharded - 10/20" tests="2" failures="0" skipped="0" timestamp="2023-07-05T21:15:51.668Z" time="60.4" package="com.example.apple-samplecode.Scrumdinger">
    <testcase name="testAddingPeopleToPoppyScrum" classname="ScrumdingerUITests.ScrumCardDetails" time="41.494"/>
    <testcase name="testAddingTanScrum" classname="ScrumdingerUITests.ScrumCardProperties" time="8.521"/>
</testsuite>
