<?xml version="1.0" encoding="UTF-8" standalone="yes"?>
<testsuite name="Sanity" tests="0" failures="0" skipped="0" timestamp="2023-08-08T21:10:32.370Z" time="10.115" package="com.example.apple-samplecode.Scrumdinger"/>
