<?xml version="1.0" encoding="UTF-8" standalone="yes"?>
<testsuite name="Scrumdinger Test Suite - Sharded - 15/20" tests="1" failures="0" skipped="0" timestamp="2023-07-27T18:24:19.532Z" time="50.357" package="com.example.apple-samplecode.Scrumdinger">
    <testcase name="testAddingPeopleToTealScrum" classname="ScrumdingerUITests.ScrumCardDetails" time="40.84"/>
</testsuite>
