<?xml version="1.0" encoding="UTF-8" standalone="yes"?>
<testsuite name="Scrumdinger Test Suite - Incorrect iOS Version" tests="0" failures="0" skipped="0" timestamp="2023-08-03T20:50:00.825Z" time="0.0" package="com.example.apple-samplecode.Scrumdinger"/>
