<?xml version="1.0" encoding="UTF-8" standalone="yes"?>
<testsuite name="Scrumdinger Test Suite - Sharded - 19/20" tests="1" failures="0" skipped="0" timestamp="2023-07-05T20:56:10.480Z" time="10.062" package="com.example.apple-samplecode.Scrumdinger">
    <testcase name="testAddingIndigoScrum" classname="ScrumdingerUITests.ScrumCardProperties" time="7.37"/>
</testsuite>
