<?xml version="1.0" encoding="UTF-8" standalone="yes"?>
<testsuite name="Scrumdinger Test Suite" tests="32" failures="0" skipped="0" timestamp="2023-07-05T19:44:52.425Z" time="815.131" package="com.example.apple-samplecode.Scrumdinger">
    <testcase name="testAddingIndigoScrum" classname="ScrumdingerUITests.ScrumCardProperties" time="8.364"/>
    <testcase name="testAddingPeopleToIndigoScrum" classname="ScrumdingerUITests.ScrumCardDetails" time="42.041"/>
    <testcase name="testAddingPurpleScrum" classname="ScrumdingerUITests.ScrumCardProperties" time="8.398"/>
    <testcase name="testAddingPeopleToTanScrum" classname="ScrumdingerUITests.ScrumCardDetails" time="42.275"/>
    <testcase name="testAddingNavyScrum" classname="ScrumdingerUITests.ScrumCardProperties" time="8.348"/>
    <testcase name="testAddingPeopleToPurpleScrum" classname="ScrumdingerUITests.ScrumCardDetails" time="42.213"/>
    <testcase name="testAddingPeopleToYellowScrum" classname="ScrumdingerUITests.ScrumCardDetails" time="42.384"/>
    <testcase name="testAddingYellowScrum" classname="ScrumdingerUITests.ScrumCardProperties" time="8.381"/>
    <testcase name="testAddingPeopleToMagentaScrum" classname="ScrumdingerUITests.ScrumCardDetails" time="41.975"/>
    <testcase name="testAddingPeopleToBubblegumScrum" classname="ScrumdingerUITests.ScrumCardDetails" time="41.153"/>
    <testcase name="testAddingBubbleGumScrum" classname="ScrumdingerUITests.ScrumCardProperties" time="8.524"/>
    <testcase name="testAddingSeafoamScrum" classname="ScrumdingerUITests.ScrumCardProperties" time="8.404"/>
    <testcase name="testAddingOxbloodScrum" classname="ScrumdingerUITests.ScrumCardProperties" time="8.367"/>
    <testcase name="testAddingPeopleToSkyScrum" classname="ScrumdingerUITests.ScrumCardDetails" time="40.032"/>
    <testcase name="testAddingTealScrum" classname="ScrumdingerUITests.ScrumCardProperties" time="8.367"/>
    <testcase name="testAddingPeopleToLavenderScrum" classname="ScrumdingerUITests.ScrumCardDetails" time="42.097"/>
    <testcase name="testAddingSkyScrum" classname="ScrumdingerUITests.ScrumCardProperties" time="6.463"/>
    <testcase name="testAddingLavenderScrum" classname="ScrumdingerUITests.ScrumCardProperties" time="8.449"/>
    <testcase name="testAddingPeopleToPoppyScrum" classname="ScrumdingerUITests.ScrumCardDetails" time="42.186"/>
    <testcase name="testAddingPoppyScrum" classname="ScrumdingerUITests.ScrumCardProperties" time="8.415"/>
    <testcase name="testAddingPeopleToOrangeScrum" classname="ScrumdingerUITests.ScrumCardDetails" time="42.199"/>
    <testcase name="testAddingPeopleToTealScrum" classname="ScrumdingerUITests.ScrumCardDetails" time="42.482"/>
    <testcase name="testAddingOrangeScrum" classname="ScrumdingerUITests.ScrumCardProperties" time="8.332"/>
    <testcase name="testAddingPeopleToPeriwinkleScrum" classname="ScrumdingerUITests.ScrumCardDetails" time="42.444"/>
    <testcase name="testAddingPeriwinkleScrum" classname="ScrumdingerUITests.ScrumCardProperties" time="8.48"/>
    <testcase name="testAddingButtercupScrum" classname="ScrumdingerUITests.ScrumCardProperties" time="8.488"/>
    <testcase name="testAddingPeopleToOxbloodScrum" classname="ScrumdingerUITests.ScrumCardDetails" time="42.273"/>
    <testcase name="testAddingPeopleToNavyScrum" classname="ScrumdingerUITests.ScrumCardDetails" time="42.433"/>
    <testcase name="testAddingPeopleToButtercupScrum" classname="ScrumdingerUITests.ScrumCardDetails" time="42.514"/>
    <testcase name="testAddingPeopleToSeafoamScrum" classname="ScrumdingerUITests.ScrumCardDetails" time="42.338"/>
    <testcase name="testAddingTanScrum" classname="ScrumdingerUITests.ScrumCardProperties" time="8.348"/>
    <testcase name="testAddingMagentaScrum" classname="ScrumdingerUITests.ScrumCardProperties" time="8.483"/>
</testsuite>
