<testsuites name="Selected tests" tests="2" failures="0">
    <testsuite name="ScrumdingerUITests.ScrumCardDetails" tests="1" failures="0">
        <testcase classname="ScrumdingerUITests.ScrumCardDetails" name="testAddingPeopleToMagentaScrum" time="123.130" />
    </testsuite>
    <testsuite name="ScrumdingerUITests.ScrumCardProperties" tests="1" failures="0">
        <testcase classname="ScrumdingerUITests.ScrumCardProperties" name="testAddingPeriwinkleScrum" time="16.831" />
    </testsuite>
</testsuites>