<?xml version="1.0" encoding="UTF-8" standalone="yes"?>
<testsuite name="Scrumdinger Test Suite - Sharded - 5/20" tests="2" failures="0" skipped="0" timestamp="2023-07-27T18:24:29.215Z" time="60.333" package="com.example.apple-samplecode.Scrumdinger">
    <testcase name="testAddingPeopleToMagentaScrum" classname="ScrumdingerUITests.ScrumCardDetails" time="41.383"/>
    <testcase name="testAddingPeriwinkleScrum" classname="ScrumdingerUITests.ScrumCardProperties" time="8.597"/>
</testsuite>
