<?xml version="1.0" encoding="UTF-8" standalone="yes"?>
<testsuite name="Scrumdinger Round 1 " tests="16" failures="0" skipped="0" timestamp="2023-07-03T21:23:10.942Z" time="140.856" package="com.example.apple-samplecode.Scrumdinger">
    <testcase name="testAddingIndigoScrum" classname="ScrumdingerUITests.ScrumCardProperties" time="8.668"/>
    <testcase name="testAddingLavenderScrum" classname="ScrumdingerUITests.ScrumCardProperties" time="8.634"/>
    <testcase name="testAddingPurpleScrum" classname="ScrumdingerUITests.ScrumCardProperties" time="8.736"/>
    <testcase name="testAddingNavyScrum" classname="ScrumdingerUITests.ScrumCardProperties" time="8.698"/>
    <testcase name="testAddingPoppyScrum" classname="ScrumdingerUITests.ScrumCardProperties" time="8.642"/>
    <testcase name="testAddingYellowScrum" classname="ScrumdingerUITests.ScrumCardProperties" time="8.736"/>
    <testcase name="testAddingOrangeScrum" classname="ScrumdingerUITests.ScrumCardProperties" time="8.716"/>
    <testcase name="testAddingPeriwinkleScrum" classname="ScrumdingerUITests.ScrumCardProperties" time="8.758"/>
    <testcase name="testAddingButtercupScrum" classname="ScrumdingerUITests.ScrumCardProperties" time="8.67"/>
    <testcase name="testAddingBubbleGumScrum" classname="ScrumdingerUITests.ScrumCardProperties" time="7.684"/>
    <testcase name="testAddingSeafoamScrum" classname="ScrumdingerUITests.ScrumCardProperties" time="8.762"/>
    <testcase name="testAddingOxbloodScrum" classname="ScrumdingerUITests.ScrumCardProperties" time="8.821"/>
    <testcase name="testAddingTealScrum" classname="ScrumdingerUITests.ScrumCardProperties" time="8.688"/>
    <testcase name="testAddingTanScrum" classname="ScrumdingerUITests.ScrumCardProperties" time="8.664"/>
    <testcase name="testAddingMagentaScrum" classname="ScrumdingerUITests.ScrumCardProperties" time="8.688"/>
    <testcase name="testAddingSkyScrum" classname="ScrumdingerUITests.ScrumCardProperties" time="6.61"/>
</testsuite>
