<?xml version="1.0" encoding="UTF-8" standalone="yes"?>
<testsuite name="Scrumdinger Test Suite - Sharded - 16/20" tests="1" failures="0" skipped="0" timestamp="2023-07-05T20:56:06.121Z" time="50.254" package="com.example.apple-samplecode.Scrumdinger">
    <testcase name="testAddingPeopleToYellowScrum" classname="ScrumdingerUITests.ScrumCardDetails" time="41.228"/>
</testsuite>
