<?xml version="1.0" encoding="UTF-8" standalone="yes"?>
<testsuite name="Scrumdinger Test Suite - Sharded - 13/20" tests="1" failures="0" skipped="0" timestamp="2023-07-05T21:14:36.559Z" time="50.422" package="com.example.apple-samplecode.Scrumdinger">
    <testcase name="testAddingPeopleToSkyScrum" classname="ScrumdingerUITests.ScrumCardDetails" time="39.318"/>
</testsuite>
