<testsuites name="Selected tests" tests="1" failures="0">
    <testsuite name="ScrumdingerUITests.ScrumCardProperties" tests="1" failures="0">
        <testcase classname="ScrumdingerUITests.ScrumCardProperties" name="testAddingBubbleGumScrum" time="22.610" />
    </testsuite>
</testsuites>