<?xml version="1.0" encoding="UTF-8" standalone="yes"?>
<testsuite name="Scrumdinger Test Suite - Sharded - 20/20" tests="1" failures="0" skipped="0" timestamp="2023-07-05T21:14:36.661Z" time="10.071" package="com.example.apple-samplecode.Scrumdinger">
    <testcase name="testAddingLavenderScrum" classname="ScrumdingerUITests.ScrumCardProperties" time="7.359"/>
</testsuite>
