<?xml version="1.0" encoding="UTF-8" standalone="yes"?>
<testsuite name="Scrumdinger Test Suite - Sharded - 2/20" tests="2" failures="0" skipped="0" timestamp="2023-07-05T21:14:31.990Z" time="60.351" package="com.example.apple-samplecode.Scrumdinger">
    <testcase name="testAddingNavyScrum" classname="ScrumdingerUITests.ScrumCardProperties" time="8.27"/>
    <testcase name="testAddingPeopleToButtercupScrum" classname="ScrumdingerUITests.ScrumCardDetails" time="41.267"/>
</testsuite>
