<?xml version="1.0" encoding="UTF-8" standalone="yes"?>
<testsuite name="Scrumdinger Test Suite - Sharded - 6/20" tests="2" failures="0" skipped="0" timestamp="2023-07-27T18:24:58.087Z" time="60.473" package="com.example.apple-samplecode.Scrumdinger">
    <testcase name="testAddingPeopleToNavyScrum" classname="ScrumdingerUITests.ScrumCardDetails" time="41.598"/>
    <testcase name="testAddingPoppyScrum" classname="ScrumdingerUITests.ScrumCardProperties" time="8.543"/>
</testsuite>
