<?xml version="1.0" encoding="UTF-8" standalone="yes"?>
<testsuite name="Scrumdinger Test Suite - Sharded - 5/20" tests="2" failures="0" skipped="0" timestamp="2023-07-05T20:55:04.756Z" time="70.472" package="com.example.apple-samplecode.Scrumdinger">
    <testcase name="testAddingPeopleToMagentaScrum" classname="ScrumdingerUITests.ScrumCardDetails" time="54.275"/>
    <testcase name="testAddingPeriwinkleScrum" classname="ScrumdingerUITests.ScrumCardProperties" time="10.014"/>
</testsuite>
