<?xml version="1.0" encoding="UTF-8" standalone="yes"?>
<testsuite name="Scrumdinger Test Suite - Sharded - 12/20" tests="2" failures="0" skipped="0" timestamp="2023-07-05T21:14:36.400Z" time="60.407" package="com.example.apple-samplecode.Scrumdinger">
    <testcase name="testAddingYellowScrum" classname="ScrumdingerUITests.ScrumCardProperties" time="8.523"/>
    <testcase name="testAddingPeopleToSeafoamScrum" classname="ScrumdingerUITests.ScrumCardDetails" time="41.617"/>
</testsuite>
