<testsuites name="Selected tests" tests="2" failures="0">
    <testsuite name="ScrumdingerUITests.ScrumCardDetails" tests="1" failures="0">
        <testcase classname="ScrumdingerUITests.ScrumCardDetails" name="testAddingPeopleToIndigoScrum" time="106.967" />
    </testsuite>
    <testsuite name="ScrumdingerUITests.ScrumCardProperties" tests="1" failures="0">
        <testcase classname="ScrumdingerUITests.ScrumCardProperties" name="testAddingOrangeScrum" time="17.378" />
    </testsuite>
</testsuites>