<testsuites name="Selected tests" tests="1" failures="0">
    <testsuite name="ScrumdingerUITests.ScrumCardDetails" tests="1" failures="0">
        <testcase classname="ScrumdingerUITests.ScrumCardDetails" name="testAddingPeopleToYellowScrum" time="132.015" />
    </testsuite>
</testsuites>