<?xml version="1.0" encoding="UTF-8" standalone="yes"?>
<testsuite name="Scrumdinger Test Suite" tests="0" failures="0" skipped="0" timestamp="2023-07-04T00:17:24.643Z" time="0.0" package="com.example.apple-samplecode.Scrumdinger"/>
