<?xml version="1.0" encoding="UTF-8" standalone="yes"?>
<testsuite name="Scrumdinger Test Suite - Sharded - 1/20" tests="2" failures="0" skipped="0" timestamp="2023-07-05T20:57:17.892Z" time="60.351" package="com.example.apple-samplecode.Scrumdinger">
    <testcase name="testAddingMagentaScrum" classname="ScrumdingerUITests.ScrumCardProperties" time="8.355"/>
    <testcase name="testAddingPeopleToBubblegumScrum" classname="ScrumdingerUITests.ScrumCardDetails" time="41.261"/>
</testsuite>
