<?xml version="1.0" encoding="UTF-8" standalone="yes"?>
<testsuite name="Scrumdinger Test Suite - Sharded - 12/20" tests="2" failures="0" skipped="0" timestamp="2023-07-27T18:25:48.632Z" time="60.282" package="com.example.apple-samplecode.Scrumdinger">
    <testcase name="testAddingYellowScrum" classname="ScrumdingerUITests.ScrumCardProperties" time="8.485"/>
    <testcase name="testAddingPeopleToSeafoamScrum" classname="ScrumdingerUITests.ScrumCardDetails" time="42.154"/>
</testsuite>
