<?xml version="1.0" encoding="UTF-8" standalone="yes"?>
<testsuite name="Scrumdinger Test Suite - Sharded - 6/20" tests="2" failures="0" skipped="0" timestamp="2023-07-05T21:15:30.122Z" time="50.372" package="com.example.apple-samplecode.Scrumdinger">
    <testcase name="testAddingPeopleToNavyScrum" classname="ScrumdingerUITests.ScrumCardDetails" time="38.523"/>
    <testcase name="testAddingPoppyScrum" classname="ScrumdingerUITests.ScrumCardProperties" time="7.971"/>
</testsuite>
