<?xml version="1.0" encoding="UTF-8" standalone="yes"?>
<testsuite name="Scrumdinger Test Suite - Sharded - 1/20" tests="2" failures="0" skipped="0" timestamp="2023-07-27T18:23:23.996Z" time="60.45" package="com.example.apple-samplecode.Scrumdinger">
    <testcase name="testAddingMagentaScrum" classname="ScrumdingerUITests.ScrumCardProperties" time="8.43"/>
    <testcase name="testAddingPeopleToBubblegumScrum" classname="ScrumdingerUITests.ScrumCardDetails" time="41.714"/>
</testsuite>
