<?xml version="1.0" encoding="UTF-8" standalone="yes"?>
<testsuite name="Scrumdinger Test Suite - Sharded - 14/20" tests="1" failures="0" skipped="0" timestamp="2023-07-27T18:23:22.736Z" time="50.397" package="com.example.apple-samplecode.Scrumdinger">
    <testcase name="testAddingPeopleToTanScrum" classname="ScrumdingerUITests.ScrumCardDetails" time="42.4"/>
</testsuite>
