<?xml version="1.0" encoding="UTF-8" standalone="yes"?>
<testsuite name="Scrumdinger Test Suite - Sharded - 3/20" tests="2" failures="0" skipped="0" timestamp="2023-07-05T20:55:09.330Z" time="60.342" package="com.example.apple-samplecode.Scrumdinger">
    <testcase name="testAddingPeopleToIndigoScrum" classname="ScrumdingerUITests.ScrumCardDetails" time="45.009"/>
    <testcase name="testAddingOrangeScrum" classname="ScrumdingerUITests.ScrumCardProperties" time="8.948"/>
</testsuite>
