<?xml version="1.0" encoding="UTF-8" standalone="yes"?>
<testsuite name="Scrumdinger via SauceCTL" tests="16" failures="0" skipped="0" timestamp="2023-06-29T06:04:44.548Z" time="140.858" package="com.example.apple-samplecode.Scrumdinger">
    <testcase name="testAddingIndigoScrum" classname="ScrumdingerUITests.ScrumCardProperties" time="8.699"/>
    <testcase name="testAddingLavenderScrum" classname="ScrumdingerUITests.ScrumCardProperties" time="8.715"/>
    <testcase name="testAddingPurpleScrum" classname="ScrumdingerUITests.ScrumCardProperties" time="8.667"/>
    <testcase name="testAddingNavyScrum" classname="ScrumdingerUITests.ScrumCardProperties" time="8.616"/>
    <testcase name="testAddingPoppyScrum" classname="ScrumdingerUITests.ScrumCardProperties" time="8.649"/>
    <testcase name="testAddingYellowScrum" classname="ScrumdingerUITests.ScrumCardProperties" time="8.635"/>
    <testcase name="testAddingOrangeScrum" classname="ScrumdingerUITests.ScrumCardProperties" time="8.703"/>
    <testcase name="testAddingPeriwinkleScrum" classname="ScrumdingerUITests.ScrumCardProperties" time="8.75"/>
    <testcase name="testAddingButtercupScrum" classname="ScrumdingerUITests.ScrumCardProperties" time="8.817"/>
    <testcase name="testAddingBubbleGumScrum" classname="ScrumdingerUITests.ScrumCardProperties" time="7.519"/>
    <testcase name="testAddingSeafoamScrum" classname="ScrumdingerUITests.ScrumCardProperties" time="8.678"/>
    <testcase name="testAddingOxbloodScrum" classname="ScrumdingerUITests.ScrumCardProperties" time="8.736"/>
    <testcase name="testAddingTealScrum" classname="ScrumdingerUITests.ScrumCardProperties" time="8.586"/>
    <testcase name="testAddingTanScrum" classname="ScrumdingerUITests.ScrumCardProperties" time="8.58"/>
    <testcase name="testAddingMagentaScrum" classname="ScrumdingerUITests.ScrumCardProperties" time="8.683"/>
    <testcase name="testAddingSkyScrum" classname="ScrumdingerUITests.ScrumCardProperties" time="6.506"/>
</testsuite>
