<?xml version="1.0" encoding="UTF-8" standalone="yes"?>
<testsuite name="Scrumdinger Round 6" tests="16" failures="16" skipped="0" timestamp="2023-07-03T21:52:42.545Z" time="50.486" package="com.example.apple-samplecode.Scrumdinger">
    <testcase name="testAddingIndigoScrum" classname="ScrumdingerUITests.ScrumCardProperties" time="2.892">
        <failure>file: /Users/stuart/Developer/Scrumdinger/ScrumdingerUITests/ScrumdingerUITests.swift
line: 45
error: XCTAssertTrue failed</failure>
    </testcase>
    <testcase name="testAddingLavenderScrum" classname="ScrumdingerUITests.ScrumCardProperties" time="2.928">
        <failure>file: /Users/stuart/Developer/Scrumdinger/ScrumdingerUITests/ScrumdingerUITests.swift
line: 55
error: XCTAssertTrue failed</failure>
    </testcase>
    <testcase name="testAddingPurpleScrum" classname="ScrumdingerUITests.ScrumCardProperties" time="2.901">
        <failure>file: /Users/stuart/Developer/Scrumdinger/ScrumdingerUITests/ScrumdingerUITests.swift
line: 125
error: XCTAssertTrue failed</failure>
    </testcase>
    <testcase name="testAddingNavyScrum" classname="ScrumdingerUITests.ScrumCardProperties" time="2.941">
        <failure>file: /Users/stuart/Developer/Scrumdinger/ScrumdingerUITests/ScrumdingerUITests.swift
line: 75
error: XCTAssertTrue failed</failure>
    </testcase>
    <testcase name="testAddingPoppyScrum" classname="ScrumdingerUITests.ScrumCardProperties" time="2.956">
        <failure>file: /Users/stuart/Developer/Scrumdinger/ScrumdingerUITests/ScrumdingerUITests.swift
line: 115
error: XCTAssertTrue failed</failure>
    </testcase>
    <testcase name="testAddingYellowScrum" classname="ScrumdingerUITests.ScrumCardProperties" time="2.894">
        <failure>file: /Users/stuart/Developer/Scrumdinger/ScrumdingerUITests/ScrumdingerUITests.swift
line: 173
error: XCTAssertTrue failed</failure>
    </testcase>
    <testcase name="testAddingOrangeScrum" classname="ScrumdingerUITests.ScrumCardProperties" time="2.914">
        <failure>file: /Users/stuart/Developer/Scrumdinger/ScrumdingerUITests/ScrumdingerUITests.swift
line: 85
error: XCTAssertTrue failed</failure>
    </testcase>
    <testcase name="testAddingPeriwinkleScrum" classname="ScrumdingerUITests.ScrumCardProperties" time="2.919">
        <failure>file: /Users/stuart/Developer/Scrumdinger/ScrumdingerUITests/ScrumdingerUITests.swift
line: 105
error: XCTAssertTrue failed</failure>
    </testcase>
    <testcase name="testAddingButtercupScrum" classname="ScrumdingerUITests.ScrumCardProperties" time="2.951">
        <failure>file: /Users/stuart/Developer/Scrumdinger/ScrumdingerUITests/ScrumdingerUITests.swift
line: 35
error: XCTAssertTrue failed</failure>
    </testcase>
    <testcase name="testAddingBubbleGumScrum" classname="ScrumdingerUITests.ScrumCardProperties" time="1.875">
        <failure>file: /Users/stuart/Developer/Scrumdinger/ScrumdingerUITests/ScrumdingerUITests.swift
line: 25
error: XCTAssertTrue failed</failure>
    </testcase>
    <testcase name="testAddingSeafoamScrum" classname="ScrumdingerUITests.ScrumCardProperties" time="2.918">
        <failure>file: /Users/stuart/Developer/Scrumdinger/ScrumdingerUITests/ScrumdingerUITests.swift
line: 135
error: XCTAssertTrue failed</failure>
    </testcase>
    <testcase name="testAddingOxbloodScrum" classname="ScrumdingerUITests.ScrumCardProperties" time="2.898">
        <failure>file: /Users/stuart/Developer/Scrumdinger/ScrumdingerUITests/ScrumdingerUITests.swift
line: 95
error: XCTAssertTrue failed</failure>
    </testcase>
    <testcase name="testAddingTealScrum" classname="ScrumdingerUITests.ScrumCardProperties" time="2.898">
        <failure>file: /Users/stuart/Developer/Scrumdinger/ScrumdingerUITests/ScrumdingerUITests.swift
line: 163
error: XCTAssertTrue failed</failure>
    </testcase>
    <testcase name="testAddingTanScrum" classname="ScrumdingerUITests.ScrumCardProperties" time="2.864">
        <failure>file: /Users/stuart/Developer/Scrumdinger/ScrumdingerUITests/ScrumdingerUITests.swift
line: 153
error: XCTAssertTrue failed</failure>
    </testcase>
    <testcase name="testAddingMagentaScrum" classname="ScrumdingerUITests.ScrumCardProperties" time="2.902">
        <failure>file: /Users/stuart/Developer/Scrumdinger/ScrumdingerUITests/ScrumdingerUITests.swift
line: 65
error: XCTAssertTrue failed</failure>
    </testcase>
    <testcase name="testAddingSkyScrum" classname="ScrumdingerUITests.ScrumCardProperties" time="2.941">
        <failure>file: /Users/stuart/Developer/Scrumdinger/ScrumdingerUITests/ScrumdingerUITests.swift
line: 145
error: XCTAssertTrue failed</failure>
    </testcase>
</testsuite>
