<?xml version="1.0" encoding="UTF-8" standalone="yes"?>
<testsuite name="Scrumdinger" tests="32" failures="0" skipped="0" timestamp="2023-08-17T22:15:05.913Z" time="812.874" package="com.minchington.Scrumdinger">
    <testcase name="testAddingIndigoScrum" classname="ScrumdingerUITests.ScrumCardProperties" time="8.47"/>
    <testcase name="testAddingPeopleToIndigoScrum" classname="ScrumdingerUITests.ScrumCardDetails" time="42.389"/>
    <testcase name="testAddingPurpleScrum" classname="ScrumdingerUITests.ScrumCardProperties" time="8.397"/>
    <testcase name="testAddingPeopleToTanScrum" classname="ScrumdingerUITests.ScrumCardDetails" time="42.647"/>
    <testcase name="testAddingNavyScrum" classname="ScrumdingerUITests.ScrumCardProperties" time="8.404"/>
    <testcase name="testAddingPeopleToPurpleScrum" classname="ScrumdingerUITests.ScrumCardDetails" time="42.975"/>
    <testcase name="testAddingPeopleToYellowScrum" classname="ScrumdingerUITests.ScrumCardDetails" time="42.497"/>
    <testcase name="testAddingYellowScrum" classname="ScrumdingerUITests.ScrumCardProperties" time="8.401"/>
    <testcase name="testAddingPeopleToMagentaScrum" classname="ScrumdingerUITests.ScrumCardDetails" time="42.663"/>
    <testcase name="testAddingPeopleToBubblegumScrum" classname="ScrumdingerUITests.ScrumCardDetails" time="41.811"/>
    <testcase name="testAddingBubbleGumScrum" classname="ScrumdingerUITests.ScrumCardProperties" time="8.559"/>
    <testcase name="testAddingSeafoamScrum" classname="ScrumdingerUITests.ScrumCardProperties" time="8.488"/>
    <testcase name="testAddingOxbloodScrum" classname="ScrumdingerUITests.ScrumCardProperties" time="8.434"/>
    <testcase name="testAddingPeopleToSkyScrum" classname="ScrumdingerUITests.ScrumCardDetails" time="40.226"/>
    <testcase name="testAddingTealScrum" classname="ScrumdingerUITests.ScrumCardProperties" time="8.371"/>
    <testcase name="testAddingPeopleToLavenderScrum" classname="ScrumdingerUITests.ScrumCardDetails" time="42.963"/>
    <testcase name="testAddingSkyScrum" classname="ScrumdingerUITests.ScrumCardProperties" time="6.367"/>
    <testcase name="testAddingLavenderScrum" classname="ScrumdingerUITests.ScrumCardProperties" time="8.532"/>
    <testcase name="testAddingPeopleToPoppyScrum" classname="ScrumdingerUITests.ScrumCardDetails" time="42.224"/>
    <testcase name="testAddingPoppyScrum" classname="ScrumdingerUITests.ScrumCardProperties" time="8.44"/>
    <testcase name="testAddingPeopleToOrangeScrum" classname="ScrumdingerUITests.ScrumCardDetails" time="42.447"/>
    <testcase name="testAddingPeopleToTealScrum" classname="ScrumdingerUITests.ScrumCardDetails" time="42.673"/>
    <testcase name="testAddingOrangeScrum" classname="ScrumdingerUITests.ScrumCardProperties" time="8.453"/>
    <testcase name="testAddingPeopleToPeriwinkleScrum" classname="ScrumdingerUITests.ScrumCardDetails" time="42.674"/>
    <testcase name="testAddingPeriwinkleScrum" classname="ScrumdingerUITests.ScrumCardProperties" time="8.48"/>
    <testcase name="testAddingButtercupScrum" classname="ScrumdingerUITests.ScrumCardProperties" time="8.554"/>
    <testcase name="testAddingPeopleToOxbloodScrum" classname="ScrumdingerUITests.ScrumCardDetails" time="42.308"/>
    <testcase name="testAddingPeopleToNavyScrum" classname="ScrumdingerUITests.ScrumCardDetails" time="42.492"/>
    <testcase name="testAddingPeopleToButtercupScrum" classname="ScrumdingerUITests.ScrumCardDetails" time="42.294"/>
    <testcase name="testAddingPeopleToSeafoamScrum" classname="ScrumdingerUITests.ScrumCardDetails" time="42.429"/>
    <testcase name="testAddingTanScrum" classname="ScrumdingerUITests.ScrumCardProperties" time="8.418"/>
    <testcase name="testAddingMagentaScrum" classname="ScrumdingerUITests.ScrumCardProperties" time="8.504"/>
</testsuite>
