<?xml version="1.0" encoding="UTF-8" standalone="yes"?>
<testsuite name="Scrumdinger Test Suite - Sharded - 17/20" tests="1" failures="0" skipped="0" timestamp="2023-07-05T20:55:04.439Z" time="10.088" package="com.example.apple-samplecode.Scrumdinger">
    <testcase name="testAddingBubbleGumScrum" classname="ScrumdingerUITests.ScrumCardProperties" time="7.352"/>
</testsuite>
