<testsuites name="Selected tests" tests="1" failures="0">
    <testsuite name="ScrumdingerUITests.ScrumCardProperties" tests="1" failures="0">
        <testcase classname="ScrumdingerUITests.ScrumCardProperties" name="testAddingButtercupScrum" time="22.091" />
    </testsuite>
</testsuites>