<?xml version="1.0" encoding="UTF-8" standalone="yes"?>
<testsuite name="Scrumdinger Test Suite - Sharded - 14/20" tests="1" failures="0" skipped="0" timestamp="2023-07-05T21:14:29.863Z" time="50.284" package="com.example.apple-samplecode.Scrumdinger">
    <testcase name="testAddingPeopleToTanScrum" classname="ScrumdingerUITests.ScrumCardDetails" time="43.511"/>
</testsuite>
