<?xml version="1.0" encoding="UTF-8" standalone="yes"?>
<testsuite name="Scrumdinger" tests="0" failures="0" skipped="0" timestamp="2023-08-17T21:57:36.104Z" time="0.0" package="com.minchington.Scrumdinger"/>
