<?xml version="1.0" encoding="UTF-8" standalone="yes"?>
<testsuite name="Scrumdinger Test Suite - Sharded - 4/20" tests="2" failures="0" skipped="0" timestamp="2023-07-27T18:24:22.436Z" time="60.447" package="com.example.apple-samplecode.Scrumdinger">
    <testcase name="testAddingOxbloodScrum" classname="ScrumdingerUITests.ScrumCardProperties" time="8.717"/>
    <testcase name="testAddingPeopleToLavenderScrum" classname="ScrumdingerUITests.ScrumCardDetails" time="43.005"/>
</testsuite>
