<?xml version="1.0" encoding="UTF-8" standalone="yes"?>
<testsuite name="Scrumdinger Test Suite - Sharded - 18/20" tests="1" failures="0" skipped="0" timestamp="2023-07-05T21:15:29.045Z" time="10.125" package="com.example.apple-samplecode.Scrumdinger">
    <testcase name="testAddingButtercupScrum" classname="ScrumdingerUITests.ScrumCardProperties" time="7.464"/>
</testsuite>
