<?xml version="1.0" encoding="UTF-8" standalone="yes"?>
<testsuite name="Scrumdinger Test Suite - Sharded - 12/20" tests="2" failures="0" skipped="0" timestamp="2023-07-05T20:56:22.695Z" time="60.361" package="com.example.apple-samplecode.Scrumdinger">
    <testcase name="testAddingYellowScrum" classname="ScrumdingerUITests.ScrumCardProperties" time="8.409"/>
    <testcase name="testAddingPeopleToSeafoamScrum" classname="ScrumdingerUITests.ScrumCardDetails" time="41.251"/>
</testsuite>
