<testsuites name="Selected tests" tests="2" failures="0">
    <testsuite name="ScrumdingerUITests.ScrumCardDetails" tests="1" failures="0">
        <testcase classname="ScrumdingerUITests.ScrumCardDetails" name="testAddingPeopleToSeafoamScrum" time="80.535" />
    </testsuite>
    <testsuite name="ScrumdingerUITests.ScrumCardProperties" tests="1" failures="0">
        <testcase classname="ScrumdingerUITests.ScrumCardProperties" name="testAddingYellowScrum" time="13.961" />
    </testsuite>
</testsuites>