<?xml version="1.0" encoding="UTF-8" standalone="yes"?>
<testsuite name="Scrumdinger Test Suite - Sharded - 16/20" tests="1" failures="0" skipped="0" timestamp="2023-07-05T21:14:31.140Z" time="50.359" package="com.example.apple-samplecode.Scrumdinger">
    <testcase name="testAddingPeopleToYellowScrum" classname="ScrumdingerUITests.ScrumCardDetails" time="40.952"/>
</testsuite>
