<?xml version="1.0" encoding="UTF-8" standalone="yes"?>
<testsuite name="Scrumdinger" tests="32" failures="0" skipped="0" timestamp="2023-08-17T21:59:36.615Z" time="814.656" package="com.minchington.Scrumdinger">
    <testcase name="testAddingIndigoScrum" classname="ScrumdingerUITests.ScrumCardProperties" time="8.616"/>
    <testcase name="testAddingPeopleToIndigoScrum" classname="ScrumdingerUITests.ScrumCardDetails" time="42.497"/>
    <testcase name="testAddingPurpleScrum" classname="ScrumdingerUITests.ScrumCardProperties" time="8.373"/>
    <testcase name="testAddingPeopleToTanScrum" classname="ScrumdingerUITests.ScrumCardDetails" time="42.502"/>
    <testcase name="testAddingNavyScrum" classname="ScrumdingerUITests.ScrumCardProperties" time="8.349"/>
    <testcase name="testAddingPeopleToPurpleScrum" classname="ScrumdingerUITests.ScrumCardDetails" time="42.526"/>
    <testcase name="testAddingPeopleToYellowScrum" classname="ScrumdingerUITests.ScrumCardDetails" time="42.509"/>
    <testcase name="testAddingYellowScrum" classname="ScrumdingerUITests.ScrumCardProperties" time="8.42"/>
    <testcase name="testAddingPeopleToMagentaScrum" classname="ScrumdingerUITests.ScrumCardDetails" time="42.013"/>
    <testcase name="testAddingPeopleToBubblegumScrum" classname="ScrumdingerUITests.ScrumCardDetails" time="41.575"/>
    <testcase name="testAddingBubbleGumScrum" classname="ScrumdingerUITests.ScrumCardProperties" time="8.539"/>
    <testcase name="testAddingSeafoamScrum" classname="ScrumdingerUITests.ScrumCardProperties" time="8.481"/>
    <testcase name="testAddingOxbloodScrum" classname="ScrumdingerUITests.ScrumCardProperties" time="8.407"/>
    <testcase name="testAddingPeopleToSkyScrum" classname="ScrumdingerUITests.ScrumCardDetails" time="40.242"/>
    <testcase name="testAddingTealScrum" classname="ScrumdingerUITests.ScrumCardProperties" time="8.401"/>
    <testcase name="testAddingPeopleToLavenderScrum" classname="ScrumdingerUITests.ScrumCardDetails" time="42.572"/>
    <testcase name="testAddingSkyScrum" classname="ScrumdingerUITests.ScrumCardProperties" time="6.355"/>
    <testcase name="testAddingLavenderScrum" classname="ScrumdingerUITests.ScrumCardProperties" time="8.468"/>
    <testcase name="testAddingPeopleToPoppyScrum" classname="ScrumdingerUITests.ScrumCardDetails" time="42.806"/>
    <testcase name="testAddingPoppyScrum" classname="ScrumdingerUITests.ScrumCardProperties" time="8.462"/>
    <testcase name="testAddingPeopleToOrangeScrum" classname="ScrumdingerUITests.ScrumCardDetails" time="42.595"/>
    <testcase name="testAddingPeopleToTealScrum" classname="ScrumdingerUITests.ScrumCardDetails" time="42.509"/>
    <testcase name="testAddingOrangeScrum" classname="ScrumdingerUITests.ScrumCardProperties" time="8.414"/>
    <testcase name="testAddingPeopleToPeriwinkleScrum" classname="ScrumdingerUITests.ScrumCardDetails" time="42.292"/>
    <testcase name="testAddingPeriwinkleScrum" classname="ScrumdingerUITests.ScrumCardProperties" time="8.532"/>
    <testcase name="testAddingButtercupScrum" classname="ScrumdingerUITests.ScrumCardProperties" time="8.485"/>
    <testcase name="testAddingPeopleToOxbloodScrum" classname="ScrumdingerUITests.ScrumCardDetails" time="42.229"/>
    <testcase name="testAddingPeopleToNavyScrum" classname="ScrumdingerUITests.ScrumCardDetails" time="42.207"/>
    <testcase name="testAddingPeopleToButtercupScrum" classname="ScrumdingerUITests.ScrumCardDetails" time="42.142"/>
    <testcase name="testAddingPeopleToSeafoamScrum" classname="ScrumdingerUITests.ScrumCardDetails" time="42.43"/>
    <testcase name="testAddingTanScrum" classname="ScrumdingerUITests.ScrumCardProperties" time="8.381"/>
    <testcase name="testAddingMagentaScrum" classname="ScrumdingerUITests.ScrumCardProperties" time="8.469"/>
</testsuite>
