<?xml version="1.0" encoding="UTF-8" standalone="yes"?>
<testsuite name="Scrumdinger Test Suite - Sharded - 7/20" tests="2" failures="0" skipped="0" timestamp="2023-07-05T21:15:30.069Z" time="60.367" package="com.example.apple-samplecode.Scrumdinger">
    <testcase name="testAddingPurpleScrum" classname="ScrumdingerUITests.ScrumCardProperties" time="8.444"/>
    <testcase name="testAddingPeopleToOrangeScrum" classname="ScrumdingerUITests.ScrumCardDetails" time="40.978"/>
</testsuite>
