<?xml version="1.0" encoding="UTF-8" standalone="yes"?>
<testsuite name="Scrumdinger Test Suite - Sharded - 9/20" tests="2" failures="0" skipped="0" timestamp="2023-07-05T21:14:31.642Z" time="50.369" package="com.example.apple-samplecode.Scrumdinger">
    <testcase name="testAddingPeopleToPeriwinkleScrum" classname="ScrumdingerUITests.ScrumCardDetails" time="41.009"/>
    <testcase name="testAddingSkyScrum" classname="ScrumdingerUITests.ScrumCardProperties" time="6.233"/>
</testsuite>
